# JRE version: Java(TM) SE Runtime Environment (8.0_73-b02) (build 1.8.0_73-b02)
# Java VM: Java HotSpot(TM) 64-Bit Server VM (25.73-b02 mixed mode windows-amd64 compressed oops)
Heap:
 PSYoungGen      total 77312K, used 50993K [0x00000000eab00000, 0x00000000f0e00000, 0x0000000100000000)
  eden space 54272K, 90% used [0x00000000eab00000,0x00000000edae4560,0x00000000ee000000)
  from space 23040K, 8% used [0x00000000ef780000,0x00000000ef968000,0x00000000f0e00000)
  to   space 23552K, 0% used [0x00000000ee000000,0x00000000ee000000,0x00000000ef700000)
 ParOldGen       total 92672K, used 52530K [0x00000000c0000000, 0x00000000c5a80000, 0x00000000eab00000)
  object space 92672K, 56% used [0x00000000c0000000,0x00000000c334cae8,0x00000000c5a80000)
 Metaspace       used 72274K, capacity 85684K, committed 86144K, reserved 1124352K
  class space    used 9270K, capacity 10031K, committed 10368K, reserved 1048576K
GC Heap History (10 events):
Event: 27056.772 GC heap before
{Heap before GC invocations=367 (full 78):
 PSYoungGen      total 73728K, used 62404K [0x00000000eab00000, 0x00000000f0900000, 0x0000000100000000)
  eden space 56320K, 100% used [0x00000000eab00000,0x00000000ee200000,0x00000000ee200000)
  from space 17408K, 34% used [0x00000000ef800000,0x00000000efdf1318,0x00000000f0900000)
  to   space 19968K, 0% used [0x00000000ee200000,0x00000000ee200000,0x00000000ef580000)
 ParOldGen       total 92672K, used 50337K [0x00000000c0000000, 0x00000000c5a80000, 0x00000000eab00000)
  object space 92672K, 54% used [0x00000000c0000000,0x00000000c31286d0,0x00000000c5a80000)
 Metaspace       used 72174K, capacity 85484K, committed 86144K, reserved 1124352K
  class space    used 9253K, capacity 10006K, committed 10368K, reserved 1048576K
Event: 27056.781 GC heap after
Heap after GC invocations=367 (full 78):
 PSYoungGen      total 61440K, used 6087K [0x00000000eab00000, 0x00000000f0600000, 0x0000000100000000)
  eden space 55296K, 0% used [0x00000000eab00000,0x00000000eab00000,0x00000000ee100000)
  from space 6144K, 99% used [0x00000000ee200000,0x00000000ee7f1f00,0x00000000ee800000)
  to   space 18944K, 0% used [0x00000000ef380000,0x00000000ef380000,0x00000000f0600000)
 ParOldGen       total 92672K, used 50345K [0x00000000c0000000, 0x00000000c5a80000, 0x00000000eab00000)
  object space 92672K, 54% used [0x00000000c0000000,0x00000000c312a6d0,0x00000000c5a80000)
 Metaspace       used 72174K, capacity 85484K, committed 86144K, reserved 1124352K
  class space    used 9253K, capacity 10006K, committed 10368K, reserved 1048576K
}
Event: 27057.457 GC heap before
{Heap before GC invocations=368 (full 78):
 PSYoungGen      total 61440K, used 61383K [0x00000000eab00000, 0x00000000f0600000, 0x0000000100000000)
  eden space 55296K, 100% used [0x00000000eab00000,0x00000000ee100000,0x00000000ee100000)
  from space 6144K, 99% used [0x00000000ee200000,0x00000000ee7f1f00,0x00000000ee800000)
  to   space 18944K, 0% used [0x00000000ef380000,0x00000000ef380000,0x00000000f0600000)
 ParOldGen       total 92672K, used 50345K [0x00000000c0000000, 0x00000000c5a80000, 0x00000000eab00000)
  object space 92672K, 54% used [0x00000000c0000000,0x00000000c312a6d0,0x00000000c5a80000)
 Metaspace       used 72174K, capacity 85484K, committed 86144K, reserved 1124352K
  class space    used 9253K, capacity 10006K, committed 10368K, reserved 1048576K
Event: 27057.475 GC heap after
Heap after GC invocations=368 (full 78):
 PSYoungGen      total 70144K, used 18918K [0x00000000eab00000, 0x00000000f0d00000, 0x0000000100000000)
  eden space 51200K, 0% used [0x00000000eab00000,0x00000000eab00000,0x00000000edd00000)
  from space 18944K, 99% used [0x00000000ef380000,0x00000000f05f9808,0x00000000f0600000)
  to   space 23040K, 0% used [0x00000000edd00000,0x00000000edd00000,0x00000000ef380000)
 ParOldGen       total 92672K, used 52344K [0x00000000c0000000, 0x00000000c5a80000, 0x00000000eab00000)
  object space 92672K, 56% used [0x00000000c0000000,0x00000000c331e188,0x00000000c5a80000)
 Metaspace       used 72174K, capacity 85484K, committed 86144K, reserved 1124352K
  class space    used 9253K, capacity 10006K, committed 10368K, reserved 1048576K
}
Event: 27059.010 GC heap before
{Heap before GC invocations=369 (full 78):
 PSYoungGen      total 70144K, used 43403K [0x00000000eab00000, 0x00000000f0d00000, 0x0000000100000000)
  eden space 51200K, 47% used [0x00000000eab00000,0x00000000ec2e9420,0x00000000edd00000)
  from space 18944K, 99% used [0x00000000ef380000,0x00000000f05f9808,0x00000000f0600000)
  to   space 23040K, 0% used [0x00000000edd00000,0x00000000edd00000,0x00000000ef380000)
 ParOldGen       total 92672K, used 52344K [0x00000000c0000000, 0x00000000c5a80000, 0x00000000eab00000)
  object space 92672K, 56% used [0x00000000c0000000,0x00000000c331e188,0x00000000c5a80000)
 Metaspace       used 72178K, capacity 85484K, committed 86144K, reserved 1124352K
  class space    used 9253K, capacity 10006K, committed 10368K, reserved 1048576K
Event: 27059.031 GC heap after
Heap after GC invocations=369 (full 78):
 PSYoungGen      total 74240K, used 14474K [0x00000000eab00000, 0x00000000f0f00000, 0x0000000100000000)
  eden space 51200K, 0% used [0x00000000eab00000,0x00000000eab00000,0x00000000edd00000)
  from space 23040K, 62% used [0x00000000edd00000,0x00000000eeb22a20,0x00000000ef380000)
  to   space 24064K, 0% used [0x00000000ef780000,0x00000000ef780000,0x00000000f0f00000)
 ParOldGen       total 92672K, used 52344K [0x00000000c0000000, 0x00000000c5a80000, 0x00000000eab00000)
  object space 92672K, 56% used [0x00000000c0000000,0x00000000c331e188,0x00000000c5a80000)
 Metaspace       used 72178K, capacity 85484K, committed 86144K, reserved 1124352K
  class space    used 9253K, capacity 10006K, committed 10368K, reserved 1048576K
}
Event: 27059.031 GC heap before
{Heap before GC invocations=370 (full 79):
 PSYoungGen      total 74240K, used 14474K [0x00000000eab00000, 0x00000000f0f00000, 0x0000000100000000)
  eden space 51200K, 0% used [0x00000000eab00000,0x00000000eab00000,0x00000000edd00000)
  from space 23040K, 62% used [0x00000000edd00000,0x00000000eeb22a20,0x00000000ef380000)
  to   space 24064K, 0% used [0x00000000ef780000,0x00000000ef780000,0x00000000f0f00000)
 ParOldGen       total 92672K, used 52344K [0x00000000c0000000, 0x00000000c5a80000, 0x00000000eab00000)
  object space 92672K, 56% used [0x00000000c0000000,0x00000000c331e188,0x00000000c5a80000)
 Metaspace       used 72178K, capacity 85484K, committed 86144K, reserved 1124352K
  class space    used 9253K, capacity 10006K, committed 10368K, reserved 1048576K
Event: 27059.175 GC heap after
Heap after GC invocations=370 (full 79):
 PSYoungGen      total 74240K, used 0K [0x00000000eab00000, 0x00000000f0f00000, 0x0000000100000000)
  eden space 51200K, 0% used [0x00000000eab00000,0x00000000eab00000,0x00000000edd00000)
  from space 23040K, 0% used [0x00000000edd00000,0x00000000edd00000,0x00000000ef380000)
  to   space 24064K, 0% used [0x00000000ef780000,0x00000000ef780000,0x00000000f0f00000)
 ParOldGen       total 92672K, used 52530K [0x00000000c0000000, 0x00000000c5a80000, 0x00000000eab00000)
  object space 92672K, 56% used [0x00000000c0000000,0x00000000c334cae8,0x00000000c5a80000)
 Metaspace       used 72178K, capacity 85484K, committed 86144K, reserved 1124352K
  class space    used 9253K, capacity 10006K, committed 10368K, reserved 1048576K
}
Event: 27065.274 GC heap before
{Heap before GC invocations=371 (full 79):
 PSYoungGen      total 74240K, used 51200K [0x00000000eab00000, 0x00000000f0f00000, 0x0000000100000000)
  eden space 51200K, 100% used [0x00000000eab00000,0x00000000edd00000,0x00000000edd00000)
  from space 23040K, 0% used [0x00000000edd00000,0x00000000edd00000,0x00000000ef380000)
  to   space 24064K, 0% used [0x00000000ef780000,0x00000000ef780000,0x00000000f0f00000)
 ParOldGen       total 92672K, used 52530K [0x00000000c0000000, 0x00000000c5a80000, 0x00000000eab00000)
  object space 92672K, 56% used [0x00000000c0000000,0x00000000c334cae8,0x00000000c5a80000)
 Metaspace       used 72273K, capacity 85684K, committed 86144K, reserved 1124352K
  class space    used 9270K, capacity 10031K, committed 10368K, reserved 1048576K
Event: 27065.277 GC heap after
Heap after GC invocations=371 (full 79):
 PSYoungGen      total 77312K, used 1952K [0x00000000eab00000, 0x00000000f0e00000, 0x0000000100000000)
  eden space 54272K, 0% used [0x00000000eab00000,0x00000000eab00000,0x00000000ee000000)
  from space 23040K, 8% used [0x00000000ef780000,0x00000000ef968000,0x00000000f0e00000)
  to   space 23552K, 0% used [0x00000000ee000000,0x00000000ee000000,0x00000000ef700000)
 ParOldGen       total 92672K, used 52530K [0x00000000c0000000, 0x00000000c5a80000, 0x00000000eab00000)
  object space 92672K, 56% used [0x00000000c0000000,0x00000000c334cae8,0x00000000c5a80000)
 Metaspace       used 72273K, capacity 85684K, committed 86144K, reserved 1124352K
  class space    used 9270K, capacity 10031K, committed 10368K, reserved 1048576K
}

